#
# A fatal error has been detected by the Java Runtime Environment:
#
#  SIGSEGV (0xb) at pc=0x000000010d6b76ec, pid=746, tid=14339
#
# JRE version: Java(TM) SE Runtime Environment (14.0.2+12) (build 14.0.2+12-46)
# Java VM: Java HotSpot(TM) 64-Bit Server VM (14.0.2+12-46, mixed mode, sharing, tiered, compressed oops, g1 gc, bsd-amd64)
# Problematic frame:
# V  [libjvm.dylib+0x4b76ec]  JvmtiBreakpoint::each_method_version_do(void (Method::*)(int))+0x16e
#
# No core dump will be written. Core dumps have been disabled. To enable core dumping, try "ulimit -c unlimited" before starting Java again
#
# If you would like to submit a bug report, please visit:
#   https://bugreport.java.com/bugreport/crash.jsp
#

---------------  S U M M A R Y ------------

Command Line: -agentlib:jdwp=transport=dt_socket,suspend=y,address=localhost:49744 -javaagent:/Users/hedwig/Documents/Eclipse.app/Contents/Eclipse/configuration/org.eclipse.osgi/214/0/.cp/lib/javaagent-shaded.jar -Dfile.encoding=UTF-8 ThatsYourStory

Host: iMac18,2 x86_64 3000 MHz, 4 cores, 8G, Darwin 17.7.0
Time: Mon Aug 10 18:05:06 2020 AEST elapsed time: 756 seconds (0d 0h 12m 36s)

---------------  T H R E A D  ---------------

Current thread (0x00007fad9b003800):  VMThread "VM Thread" [stack: 0x000070000fe06000,0x000070000ff06000] [id=14339]

Stack: [0x000070000fe06000,0x000070000ff06000],  sp=0x000070000ff05930,  free space=1022k
Native frames: (J=compiled Java code, A=aot compiled Java code, j=interpreted, Vv=VM code, C=native code)
V  [libjvm.dylib+0x4b76ec]  JvmtiBreakpoint::each_method_version_do(void (Method::*)(int))+0x16e
V  [libjvm.dylib+0x4b78cd]  JvmtiBreakpoints::set_at_safepoint(JvmtiBreakpoint&)+0x81
V  [libjvm.dylib+0x7417ac]  VM_Operation::evaluate()+0xd4
V  [libjvm.dylib+0x749819]  VMThread::evaluate_operation(VM_Operation*)+0x12d
V  [libjvm.dylib+0x749249]  VMThread::loop()+0x101
V  [libjvm.dylib+0x74905f]  VMThread::run()+0x79
V  [libjvm.dylib+0x6eae07]  Thread::call_run()+0x71
V  [libjvm.dylib+0x5e98be]  thread_native_entry(Thread*)+0x129
C  [libsystem_pthread.dylib+0x3661]  _pthread_body+0x154
C  [libsystem_pthread.dylib+0x350d]  _pthread_body+0x0
C  [libsystem_pthread.dylib+0x2bf9]  thread_start+0xd


siginfo: si_signo: 11 (SIGSEGV), si_code: 0 (unknown), si_addr: 0x0000000000000000

Register to memory mapping:

RAX=0x000000012d7d8590 is pointing into metadata
RBX=0x00000008003e6fb8 is pointing into metadata
RCX=0x0000000000000003 is an unknown value
RDX=0x000000010d7acf62: _ZN6Method14set_breakpointEi+0 in /Library/Java/JavaVirtualMachines/jdk-14.0.2.jdk/Contents/Home/lib/server/libjvm.dylib at 0x000000010d200000
RSP=0x000070000ff05930 points into unknown readable memory: 00 00 00 00 00 00 00 00
RBP=0x000070000ff059a0 points into unknown readable memory: e0 59 f0 0f 00 70 00 00
RSI=0x000000010d9dd020: _ZL18hsdis_library_name+0x28a7e in /Library/Java/JavaVirtualMachines/jdk-14.0.2.jdk/Contents/Home/lib/server/libjvm.dylib at 0x000000010d200000
RDI=0x000070000ff058b0 points into unknown readable memory: 00 38 00 9b ad 7f 00 00
R8 ={method} {0x000000012d7f4980} 'main' '([Ljava/lang/String;)V' in 'ThatsYourStory'
R9 =0x00007fad9ac118c0 points into unknown readable memory: 80 49 7f 2d 01 00 00 00
R10=0x00007fad9ad075d8 points into unknown readable memory: 00 00 00 00 00 00 00 00
R11=0x00007fad9ad075e0 points into unknown readable memory: 00 97 08 00 00 97 08 00
R12=0x00000008003e4930 is pointing into metadata
R13=0x00ca00012d7d8698 is an unknown value
R14=0x0 is NULL
R15=0x0000000800b730a0 is a pointer to class: 
ThatsYourStory {0x0000000800b730a0}


Registers:
RAX=0x000000012d7d8590, RBX=0x00000008003e6fb8, RCX=0x0000000000000003, RDX=0x000000010d7acf62
RSP=0x000070000ff05930, RBP=0x000070000ff059a0, RSI=0x000000010d9dd020, RDI=0x000070000ff058b0
R8 =0x000000012d7f4980, R9 =0x00007fad9ac118c0, R10=0x00007fad9ad075d8, R11=0x00007fad9ad075e0
R12=0x00000008003e4930, R13=0x00ca00012d7d8698, R14=0x0000000000000000, R15=0x0000000800b730a0
RIP=0x000000010d6b76ec, EFLAGS=0x0000000000010206, ERR=0x0000000000000000
  TRAPNO=0x000000000000000d

Top of Stack: (sp=0x000070000ff05930)
0x000070000ff05930:   0000000000000000 0000000000000000
0x000070000ff05940:   0000000000000000 0000000000000000
0x000070000ff05950:   0000000000000000 0000000000000000
0x000070000ff05960:   000000010d9dd020 0000700010820a00
0x000070000ff05970:   000000010d7acf62 0000000000000004
0x000070000ff05980:   00007fad9ac1b1e0 000000010da09a10
0x000070000ff05990:   00007fad9ac26b78 0000700010820a00
0x000070000ff059a0:   000070000ff059e0 000000010d6b78cd
0x000070000ff059b0:   0000000000000a00 00007fad9ae60f50
0x000070000ff059c0:   0000700010820960 000000010da09a3f
0x000070000ff059d0:   000000010da0052d 0000000000000011
0x000070000ff059e0:   000070000ff05ae0 000000010d9417ac
0x000070000ff059f0:   000070000ff05ad0 00007fad9ac11760
0x000070000ff05a00:   00007fad9ad1e240 00007fad9ad1e250
0x000070000ff05a10:   00007fad9ad1e628 00000000000003d8
0x000070000ff05a20:   000000010db5a022 000000010d9f47cc
0x000070000ff05a30:   0000000000000000 000000010daf0df8
0x000070000ff05a40:   000000010d9f4bdb 00000000ffffffff
0x000070000ff05a50:   00007fad9ae60f50 0000000000000007
0x000070000ff05a60:   000000010daf0e10 000000010db97848
0x000070000ff05a70:   000070000ff05a88 0000700000000001
0x000070000ff05a80:   000070000ff05a88 0000000200000002
0x000070000ff05a90:   0000000000000000 0000000000000000
0x000070000ff05aa0:   000070000ff05ab0 000000010d7e9d77
0x000070000ff05ab0:   000070000ff05ac0 000000010d7e9d59
0x000070000ff05ac0:   642719835d390050 0000700010820960
0x000070000ff05ad0:   000000010da0052d 0000000000000011
0x000070000ff05ae0:   000070000ff05b90 000000010d949819
0x000070000ff05af0:   00007fad9ac11760 00007fad9ad1e240
0x000070000ff05b00:   00007fad9ad1e250 00007fad9ad1e628
0x000070000ff05b10:   00000000000003d8 0000000000000000
0x000070000ff05b20:   000000b00a32bf2f 000000010da09a01 

Instructions: (pc=0x000000010d6b76ec)
0x000000010d6b75ec:   5c c8 40 4d 85 f6 48 8d 05 27 5a 32 00 48 8d 0d
0x000000010d6b75fc:   25 5a 32 00 48 89 ce 48 0f 44 f0 48 8b 55 d0 48
0x000000010d6b760c:   85 d2 48 0f 44 f0 48 3b 15 1f 3b 39 00 48 0f 45
0x000000010d6b761c:   f1 48 89 75 c0 4c 89 75 b8 e9 ab 00 00 00 48 8d
0x000000010d6b762c:   3d b7 b7 47 00 ff 17 48 8b 00 48 8b 80 78 02 00
0x000000010d6b763c:   00 48 89 45 90 0f 10 40 10 0f 11 45 98 0f 10 40
0x000000010d6b764c:   20 0f 11 45 a8 48 83 3d 87 9a 45 00 00 74 4b 49
0x000000010d6b765c:   8b 45 08 48 8b 48 08 0f b7 40 2a 48 8b 7c c1 40
0x000000010d6b766c:   e8 0d 66 1f 00 49 89 c6 49 8b 45 08 48 8b 48 08
0x000000010d6b767c:   0f b7 40 2c 48 8b 7c c1 40 e8 f4 65 1f 00 48 89
0x000000010d6b768c:   c1 31 c0 48 8d 3d 6f 59 32 00 48 8b 75 c0 4c 89
0x000000010d6b769c:   f2 4c 8b 75 b8 e8 94 00 00 00 4d 01 f5 48 8b 4d
0x000000010d6b76ac:   d0 48 89 c8 f6 c1 01 74 09 49 8b 45 00 48 8b 44
0x000000010d6b76bc:   08 ff 48 8b 4d c8 8b 71 10 4c 89 ef ff d0 48 8d
0x000000010d6b76cc:   7d 90 e8 7d fa 04 00 eb 49 49 8b 87 a8 01 00 00
0x000000010d6b76dc:   48 63 08 48 85 c9 7e 3a 48 ff c1 4c 8b 6c c8 f8
0x000000010d6b76ec:   41 f6 45 2a 20 74 22 49 8b 75 08 48 8b 56 08 0f
0x000000010d6b76fc:   b7 7e 2a 4c 39 64 fa 40 75 0f 0f b7 76 2c 48 39
0x000000010d6b770c:   5c f2 40 0f 84 15 ff ff ff 48 ff c9 48 83 f9 01
0x000000010d6b771c:   7f c9 4d 8b bf 88 01 00 00 4d 85 ff 75 ab 48 83
0x000000010d6b772c:   c4 48 5b 41 5c 41 5d 41 5e 41 5f 5d c3 90 55 48
0x000000010d6b773c:   89 e5 48 81 ec d0 00 00 00 49 89 fa 84 c0 74 26
0x000000010d6b774c:   0f 29 85 60 ff ff ff 0f 29 8d 70 ff ff ff 0f 29
0x000000010d6b775c:   55 80 0f 29 5d 90 0f 29 65 a0 0f 29 6d b0 0f 29
0x000000010d6b776c:   75 c0 0f 29 7d d0 48 8d 85 30 ff ff ff 4c 89 48
0x000000010d6b777c:   28 4c 89 40 20 48 89 48 18 48 89 50 10 48 89 70
0x000000010d6b778c:   08 48 8b 0d ec 39 39 00 48 8b 09 48 89 4d f8 48
0x000000010d6b779c:   8d 4d e0 48 89 41 10 48 8d 45 10 48 89 41 08 48
0x000000010d6b77ac:   b8 08 00 00 00 30 00 00 00 48 89 01 48 8d 3d e9
0x000000010d6b77bc:   98 45 00 be 02 00 00 00 4c 89 d2 e8 c8 a7 03 00
0x000000010d6b77cc:   48 8b 05 ad 39 39 00 48 8b 00 48 3b 45 f8 75 09
0x000000010d6b77dc:   48 81 c4 d0 00 00 00 5d c3 e8 1c 92 2d 00 55 48 


Stack slot to memory mapping:
stack at sp + 0 slots: 0x0 is NULL
stack at sp + 1 slots: 0x0 is NULL
stack at sp + 2 slots: 0x0 is NULL
stack at sp + 3 slots: 0x0 is NULL
stack at sp + 4 slots: 0x0 is NULL
stack at sp + 5 slots: 0x0 is NULL
stack at sp + 6 slots: 0x000000010d9dd020: _ZL18hsdis_library_name+0x28a7e in /Library/Java/JavaVirtualMachines/jdk-14.0.2.jdk/Contents/Home/lib/server/libjvm.dylib at 0x000000010d200000
stack at sp + 7 slots: 0x0000700010820a00 is pointing into the stack for thread: 0x00007fad9c856800

VM_Operation (0x0000700010820960): ChangeBreakpoints, mode: safepoint, requested by thread 0x00007fad9c856800


---------------  P R O C E S S  ---------------

Threads class SMR info:
_java_thread_list=0x00007fad9ae5cc70, length=13, elements={
0x00007fad9b81f800, 0x00007fad9b882800, 0x00007fad9b885800, 0x00007fad9b00b000,
0x00007fad9b00e000, 0x00007fad9b00f000, 0x00007fad9b00f800, 0x00007fad9b010800,
0x00007fad9b03b800, 0x00007fad9c856800, 0x00007fad9b00c000, 0x00007fad9b00c800,
0x00007fad9c0aa000
}

Java Threads: ( => current thread )
  0x00007fad9b81f800 JavaThread "main" [_thread_blocked, id=7171, stack(0x000000010df8a000,0x000000010e08a000)]
  0x00007fad9b882800 JavaThread "Reference Handler" daemon [_thread_blocked, id=17411, stack(0x000070000ff09000,0x0000700010009000)]
  0x00007fad9b885800 JavaThread "Finalizer" daemon [_thread_blocked, id=16643, stack(0x000070001000c000,0x000070001010c000)]
  0x00007fad9b00b000 JavaThread "Signal Dispatcher" daemon [_thread_blocked, id=16135, stack(0x000070001010f000,0x000070001020f000)]
  0x00007fad9b00e000 JavaThread "Service Thread" daemon [_thread_blocked, id=42243, stack(0x0000700010212000,0x0000700010312000)]
  0x00007fad9b00f000 JavaThread "C2 CompilerThread0" daemon [_thread_blocked, id=22531, stack(0x0000700010315000,0x0000700010415000)]
  0x00007fad9b00f800 JavaThread "C1 CompilerThread0" daemon [_thread_blocked, id=40963, stack(0x0000700010418000,0x0000700010518000)]
  0x00007fad9b010800 JavaThread "Sweeper thread" daemon [_thread_blocked, id=23043, stack(0x000070001051b000,0x000070001061b000)]
  0x00007fad9b03b800 JavaThread "Common-Cleaner" daemon [_thread_blocked, id=23811, stack(0x000070001061e000,0x000070001071e000)]
  0x00007fad9c856800 JavaThread "JDWP Transport Listener: dt_socket" daemon [_thread_blocked, id=39939, stack(0x0000700010721000,0x0000700010821000)]
  0x00007fad9b00c000 JavaThread "JDWP Event Helper Thread" daemon [_thread_blocked, id=39427, stack(0x0000700010824000,0x0000700010924000)]
  0x00007fad9b00c800 JavaThread "JDWP Command Reader" daemon [_thread_in_native, id=38915, stack(0x0000700010927000,0x0000700010a27000)]
  0x00007fad9c0aa000 JavaThread "Notification Thread" daemon [_thread_blocked, id=38659, stack(0x0000700010a2a000,0x0000700010b2a000)]

Other Threads:
=>0x00007fad9b003800 VMThread "VM Thread" [stack: 0x000070000fe06000,0x000070000ff06000] [id=14339]
  0x00007fad9b96f800 WatcherThread [stack: 0x0000700010b2d000,0x0000700010c2d000] [id=38403]
  0x00007fad9b847800 GCTaskThread "GC Thread#0" [stack: 0x000070000f8f7000,0x000070000f9f7000] [id=12803]
  0x00007fad9b858800 ConcurrentGCThread "G1 Main Marker" [stack: 0x000070000f9fa000,0x000070000fafa000] [id=13315]
  0x00007fad9c001800 ConcurrentGCThread "G1 Conc#0" [stack: 0x000070000fafd000,0x000070000fbfd000] [id=13827]
  0x00007fad9c052000 ConcurrentGCThread "G1 Refine#0" [stack: 0x000070000fc00000,0x000070000fd00000] [id=18691]
  0x00007fad9c801000 ConcurrentGCThread "G1 Young RemSet Sampling" [stack: 0x000070000fd03000,0x000070000fe03000] [id=18435]

Threads with active compile tasks:

VM state:at safepoint (normal execution)

VM Mutex/Monitor currently owned by a thread:  ([mutex/lock_event])
[0x00007fad9ad090e0] Threads_lock - owner thread: 0x00007fad9b003800

Heap address: 0x0000000780000000, size: 2048 MB, Compressed Oops mode: Zero based, Oop shift amount: 3
Narrow klass base: 0x0000000800000000, Narrow klass shift: 3
Compressed class space size: 1073741824 Address: 0x0000000800b05000

Heap:
 garbage-first heap   total 133120K, used 4912K [0x0000000780000000, 0x0000000800000000)
  region size 1024K, 5 young (5120K), 0 survivors (0K)
 Metaspace       used 2792K, capacity 4974K, committed 5120K, reserved 1056768K
  class space    used 260K, capacity 443K, committed 512K, reserved 1048576K
Heap Regions: E=young(eden), S=young(survivor), O=old, HS=humongous(starts), HC=humongous(continues), CS=collection set, F=free, OA=open archive, CA=closed archive, TAMS=top-at-mark-start (previous, next)
|   0|0x0000000780000000, 0x0000000780000000, 0x0000000780100000|  0%| F|  |TAMS 0x0000000780000000, 0x0000000780000000| Untracked 
|   1|0x0000000780100000, 0x0000000780100000, 0x0000000780200000|  0%| F|  |TAMS 0x0000000780100000, 0x0000000780100000| Untracked 
|   2|0x0000000780200000, 0x0000000780200000, 0x0000000780300000|  0%| F|  |TAMS 0x0000000780200000, 0x0000000780200000| Untracked 
|   3|0x0000000780300000, 0x0000000780300000, 0x0000000780400000|  0%| F|  |TAMS 0x0000000780300000, 0x0000000780300000| Untracked 
|   4|0x0000000780400000, 0x0000000780400000, 0x0000000780500000|  0%| F|  |TAMS 0x0000000780400000, 0x0000000780400000| Untracked 
|   5|0x0000000780500000, 0x0000000780500000, 0x0000000780600000|  0%| F|  |TAMS 0x0000000780500000, 0x0000000780500000| Untracked 
|   6|0x0000000780600000, 0x0000000780600000, 0x0000000780700000|  0%| F|  |TAMS 0x0000000780600000, 0x0000000780600000| Untracked 
|   7|0x0000000780700000, 0x0000000780700000, 0x0000000780800000|  0%| F|  |TAMS 0x0000000780700000, 0x0000000780700000| Untracked 
|   8|0x0000000780800000, 0x0000000780800000, 0x0000000780900000|  0%| F|  |TAMS 0x0000000780800000, 0x0000000780800000| Untracked 
|   9|0x0000000780900000, 0x0000000780900000, 0x0000000780a00000|  0%| F|  |TAMS 0x0000000780900000, 0x0000000780900000| Untracked 
|  10|0x0000000780a00000, 0x0000000780a00000, 0x0000000780b00000|  0%| F|  |TAMS 0x0000000780a00000, 0x0000000780a00000| Untracked 
|  11|0x0000000780b00000, 0x0000000780b00000, 0x0000000780c00000|  0%| F|  |TAMS 0x0000000780b00000, 0x0000000780b00000| Untracked 
|  12|0x0000000780c00000, 0x0000000780c00000, 0x0000000780d00000|  0%| F|  |TAMS 0x0000000780c00000, 0x0000000780c00000| Untracked 
|  13|0x0000000780d00000, 0x0000000780d00000, 0x0000000780e00000|  0%| F|  |TAMS 0x0000000780d00000, 0x0000000780d00000| Untracked 
|  14|0x0000000780e00000, 0x0000000780e00000, 0x0000000780f00000|  0%| F|  |TAMS 0x0000000780e00000, 0x0000000780e00000| Untracked 
|  15|0x0000000780f00000, 0x0000000780f00000, 0x0000000781000000|  0%| F|  |TAMS 0x0000000780f00000, 0x0000000780f00000| Untracked 
|  16|0x0000000781000000, 0x0000000781000000, 0x0000000781100000|  0%| F|  |TAMS 0x0000000781000000, 0x0000000781000000| Untracked 
|  17|0x0000000781100000, 0x0000000781100000, 0x0000000781200000|  0%| F|  |TAMS 0x0000000781100000, 0x0000000781100000| Untracked 
|  18|0x0000000781200000, 0x0000000781200000, 0x0000000781300000|  0%| F|  |TAMS 0x0000000781200000, 0x0000000781200000| Untracked 
|  19|0x0000000781300000, 0x0000000781300000, 0x0000000781400000|  0%| F|  |TAMS 0x0000000781300000, 0x0000000781300000| Untracked 
|  20|0x0000000781400000, 0x0000000781400000, 0x0000000781500000|  0%| F|  |TAMS 0x0000000781400000, 0x0000000781400000| Untracked 
|  21|0x0000000781500000, 0x0000000781500000, 0x0000000781600000|  0%| F|  |TAMS 0x0000000781500000, 0x0000000781500000| Untracked 
|  22|0x0000000781600000, 0x0000000781600000, 0x0000000781700000|  0%| F|  |TAMS 0x0000000781600000, 0x0000000781600000| Untracked 
|  23|0x0000000781700000, 0x0000000781700000, 0x0000000781800000|  0%| F|  |TAMS 0x0000000781700000, 0x0000000781700000| Untracked 
|  24|0x0000000781800000, 0x0000000781800000, 0x0000000781900000|  0%| F|  |TAMS 0x0000000781800000, 0x0000000781800000| Untracked 
|  25|0x0000000781900000, 0x0000000781900000, 0x0000000781a00000|  0%| F|  |TAMS 0x0000000781900000, 0x0000000781900000| Untracked 
|  26|0x0000000781a00000, 0x0000000781a00000, 0x0000000781b00000|  0%| F|  |TAMS 0x0000000781a00000, 0x0000000781a00000| Untracked 
|  27|0x0000000781b00000, 0x0000000781b00000, 0x0000000781c00000|  0%| F|  |TAMS 0x0000000781b00000, 0x0000000781b00000| Untracked 
|  28|0x0000000781c00000, 0x0000000781c00000, 0x0000000781d00000|  0%| F|  |TAMS 0x0000000781c00000, 0x0000000781c00000| Untracked 
|  29|0x0000000781d00000, 0x0000000781d00000, 0x0000000781e00000|  0%| F|  |TAMS 0x0000000781d00000, 0x0000000781d00000| Untracked 
|  30|0x0000000781e00000, 0x0000000781e00000, 0x0000000781f00000|  0%| F|  |TAMS 0x0000000781e00000, 0x0000000781e00000| Untracked 
|  31|0x0000000781f00000, 0x0000000781f00000, 0x0000000782000000|  0%| F|  |TAMS 0x0000000781f00000, 0x0000000781f00000| Untracked 
|  32|0x0000000782000000, 0x0000000782000000, 0x0000000782100000|  0%| F|  |TAMS 0x0000000782000000, 0x0000000782000000| Untracked 
|  33|0x0000000782100000, 0x0000000782100000, 0x0000000782200000|  0%| F|  |TAMS 0x0000000782100000, 0x0000000782100000| Untracked 
|  34|0x0000000782200000, 0x0000000782200000, 0x0000000782300000|  0%| F|  |TAMS 0x0000000782200000, 0x0000000782200000| Untracked 
|  35|0x0000000782300000, 0x0000000782300000, 0x0000000782400000|  0%| F|  |TAMS 0x0000000782300000, 0x0000000782300000| Untracked 
|  36|0x0000000782400000, 0x0000000782400000, 0x0000000782500000|  0%| F|  |TAMS 0x0000000782400000, 0x0000000782400000| Untracked 
|  37|0x0000000782500000, 0x0000000782500000, 0x0000000782600000|  0%| F|  |TAMS 0x0000000782500000, 0x0000000782500000| Untracked 
|  38|0x0000000782600000, 0x0000000782600000, 0x0000000782700000|  0%| F|  |TAMS 0x0000000782600000, 0x0000000782600000| Untracked 
|  39|0x0000000782700000, 0x0000000782700000, 0x0000000782800000|  0%| F|  |TAMS 0x0000000782700000, 0x0000000782700000| Untracked 
|  40|0x0000000782800000, 0x0000000782800000, 0x0000000782900000|  0%| F|  |TAMS 0x0000000782800000, 0x0000000782800000| Untracked 
|  41|0x0000000782900000, 0x0000000782900000, 0x0000000782a00000|  0%| F|  |TAMS 0x0000000782900000, 0x0000000782900000| Untracked 
|  42|0x0000000782a00000, 0x0000000782a00000, 0x0000000782b00000|  0%| F|  |TAMS 0x0000000782a00000, 0x0000000782a00000| Untracked 
|  43|0x0000000782b00000, 0x0000000782b00000, 0x0000000782c00000|  0%| F|  |TAMS 0x0000000782b00000, 0x0000000782b00000| Untracked 
|  44|0x0000000782c00000, 0x0000000782c00000, 0x0000000782d00000|  0%| F|  |TAMS 0x0000000782c00000, 0x0000000782c00000| Untracked 
|  45|0x0000000782d00000, 0x0000000782d00000, 0x0000000782e00000|  0%| F|  |TAMS 0x0000000782d00000, 0x0000000782d00000| Untracked 
|  46|0x0000000782e00000, 0x0000000782e00000, 0x0000000782f00000|  0%| F|  |TAMS 0x0000000782e00000, 0x0000000782e00000| Untracked 
|  47|0x0000000782f00000, 0x0000000782f00000, 0x0000000783000000|  0%| F|  |TAMS 0x0000000782f00000, 0x0000000782f00000| Untracked 
|  48|0x0000000783000000, 0x0000000783000000, 0x0000000783100000|  0%| F|  |TAMS 0x0000000783000000, 0x0000000783000000| Untracked 
|  49|0x0000000783100000, 0x0000000783100000, 0x0000000783200000|  0%| F|  |TAMS 0x0000000783100000, 0x0000000783100000| Untracked 
|  50|0x0000000783200000, 0x0000000783200000, 0x0000000783300000|  0%| F|  |TAMS 0x0000000783200000, 0x0000000783200000| Untracked 
|  51|0x0000000783300000, 0x0000000783300000, 0x0000000783400000|  0%| F|  |TAMS 0x0000000783300000, 0x0000000783300000| Untracked 
|  52|0x0000000783400000, 0x0000000783400000, 0x0000000783500000|  0%| F|  |TAMS 0x0000000783400000, 0x0000000783400000| Untracked 
|  53|0x0000000783500000, 0x0000000783500000, 0x0000000783600000|  0%| F|  |TAMS 0x0000000783500000, 0x0000000783500000| Untracked 
|  54|0x0000000783600000, 0x0000000783600000, 0x0000000783700000|  0%| F|  |TAMS 0x0000000783600000, 0x0000000783600000| Untracked 
|  55|0x0000000783700000, 0x0000000783700000, 0x0000000783800000|  0%| F|  |TAMS 0x0000000783700000, 0x0000000783700000| Untracked 
|  56|0x0000000783800000, 0x0000000783800000, 0x0000000783900000|  0%| F|  |TAMS 0x0000000783800000, 0x0000000783800000| Untracked 
|  57|0x0000000783900000, 0x0000000783900000, 0x0000000783a00000|  0%| F|  |TAMS 0x0000000783900000, 0x0000000783900000| Untracked 
|  58|0x0000000783a00000, 0x0000000783a00000, 0x0000000783b00000|  0%| F|  |TAMS 0x0000000783a00000, 0x0000000783a00000| Untracked 
|  59|0x0000000783b00000, 0x0000000783b00000, 0x0000000783c00000|  0%| F|  |TAMS 0x0000000783b00000, 0x0000000783b00000| Untracked 
|  60|0x0000000783c00000, 0x0000000783c00000, 0x0000000783d00000|  0%| F|  |TAMS 0x0000000783c00000, 0x0000000783c00000| Untracked 
|  61|0x0000000783d00000, 0x0000000783d00000, 0x0000000783e00000|  0%| F|  |TAMS 0x0000000783d00000, 0x0000000783d00000| Untracked 
|  62|0x0000000783e00000, 0x0000000783e00000, 0x0000000783f00000|  0%| F|  |TAMS 0x0000000783e00000, 0x0000000783e00000| Untracked 
|  63|0x0000000783f00000, 0x0000000783f00000, 0x0000000784000000|  0%| F|  |TAMS 0x0000000783f00000, 0x0000000783f00000| Untracked 
|  64|0x0000000784000000, 0x0000000784000000, 0x0000000784100000|  0%| F|  |TAMS 0x0000000784000000, 0x0000000784000000| Untracked 
|  65|0x0000000784100000, 0x0000000784100000, 0x0000000784200000|  0%| F|  |TAMS 0x0000000784100000, 0x0000000784100000| Untracked 
|  66|0x0000000784200000, 0x0000000784200000, 0x0000000784300000|  0%| F|  |TAMS 0x0000000784200000, 0x0000000784200000| Untracked 
|  67|0x0000000784300000, 0x0000000784300000, 0x0000000784400000|  0%| F|  |TAMS 0x0000000784300000, 0x0000000784300000| Untracked 
|  68|0x0000000784400000, 0x0000000784400000, 0x0000000784500000|  0%| F|  |TAMS 0x0000000784400000, 0x0000000784400000| Untracked 
|  69|0x0000000784500000, 0x0000000784500000, 0x0000000784600000|  0%| F|  |TAMS 0x0000000784500000, 0x0000000784500000| Untracked 
|  70|0x0000000784600000, 0x0000000784600000, 0x0000000784700000|  0%| F|  |TAMS 0x0000000784600000, 0x0000000784600000| Untracked 
|  71|0x0000000784700000, 0x0000000784700000, 0x0000000784800000|  0%| F|  |TAMS 0x0000000784700000, 0x0000000784700000| Untracked 
|  72|0x0000000784800000, 0x0000000784800000, 0x0000000784900000|  0%| F|  |TAMS 0x0000000784800000, 0x0000000784800000| Untracked 
|  73|0x0000000784900000, 0x0000000784900000, 0x0000000784a00000|  0%| F|  |TAMS 0x0000000784900000, 0x0000000784900000| Untracked 
|  74|0x0000000784a00000, 0x0000000784a00000, 0x0000000784b00000|  0%| F|  |TAMS 0x0000000784a00000, 0x0000000784a00000| Untracked 
|  75|0x0000000784b00000, 0x0000000784b00000, 0x0000000784c00000|  0%| F|  |TAMS 0x0000000784b00000, 0x0000000784b00000| Untracked 
|  76|0x0000000784c00000, 0x0000000784c00000, 0x0000000784d00000|  0%| F|  |TAMS 0x0000000784c00000, 0x0000000784c00000| Untracked 
|  77|0x0000000784d00000, 0x0000000784d00000, 0x0000000784e00000|  0%| F|  |TAMS 0x0000000784d00000, 0x0000000784d00000| Untracked 
|  78|0x0000000784e00000, 0x0000000784e00000, 0x0000000784f00000|  0%| F|  |TAMS 0x0000000784e00000, 0x0000000784e00000| Untracked 
|  79|0x0000000784f00000, 0x0000000784f00000, 0x0000000785000000|  0%| F|  |TAMS 0x0000000784f00000, 0x0000000784f00000| Untracked 
|  80|0x0000000785000000, 0x0000000785000000, 0x0000000785100000|  0%| F|  |TAMS 0x0000000785000000, 0x0000000785000000| Untracked 
|  81|0x0000000785100000, 0x0000000785100000, 0x0000000785200000|  0%| F|  |TAMS 0x0000000785100000, 0x0000000785100000| Untracked 
|  82|0x0000000785200000, 0x0000000785200000, 0x0000000785300000|  0%| F|  |TAMS 0x0000000785200000, 0x0000000785200000| Untracked 
|  83|0x0000000785300000, 0x0000000785300000, 0x0000000785400000|  0%| F|  |TAMS 0x0000000785300000, 0x0000000785300000| Untracked 
|  84|0x0000000785400000, 0x0000000785400000, 0x0000000785500000|  0%| F|  |TAMS 0x0000000785400000, 0x0000000785400000| Untracked 
|  85|0x0000000785500000, 0x0000000785500000, 0x0000000785600000|  0%| F|  |TAMS 0x0000000785500000, 0x0000000785500000| Untracked 
|  86|0x0000000785600000, 0x0000000785600000, 0x0000000785700000|  0%| F|  |TAMS 0x0000000785600000, 0x0000000785600000| Untracked 
|  87|0x0000000785700000, 0x0000000785700000, 0x0000000785800000|  0%| F|  |TAMS 0x0000000785700000, 0x0000000785700000| Untracked 
|  88|0x0000000785800000, 0x0000000785800000, 0x0000000785900000|  0%| F|  |TAMS 0x0000000785800000, 0x0000000785800000| Untracked 
|  89|0x0000000785900000, 0x0000000785900000, 0x0000000785a00000|  0%| F|  |TAMS 0x0000000785900000, 0x0000000785900000| Untracked 
|  90|0x0000000785a00000, 0x0000000785a00000, 0x0000000785b00000|  0%| F|  |TAMS 0x0000000785a00000, 0x0000000785a00000| Untracked 
|  91|0x0000000785b00000, 0x0000000785b00000, 0x0000000785c00000|  0%| F|  |TAMS 0x0000000785b00000, 0x0000000785b00000| Untracked 
|  92|0x0000000785c00000, 0x0000000785c00000, 0x0000000785d00000|  0%| F|  |TAMS 0x0000000785c00000, 0x0000000785c00000| Untracked 
|  93|0x0000000785d00000, 0x0000000785d00000, 0x0000000785e00000|  0%| F|  |TAMS 0x0000000785d00000, 0x0000000785d00000| Untracked 
|  94|0x0000000785e00000, 0x0000000785e00000, 0x0000000785f00000|  0%| F|  |TAMS 0x0000000785e00000, 0x0000000785e00000| Untracked 
|  95|0x0000000785f00000, 0x0000000785f00000, 0x0000000786000000|  0%| F|  |TAMS 0x0000000785f00000, 0x0000000785f00000| Untracked 
|  96|0x0000000786000000, 0x0000000786000000, 0x0000000786100000|  0%| F|  |TAMS 0x0000000786000000, 0x0000000786000000| Untracked 
|  97|0x0000000786100000, 0x0000000786100000, 0x0000000786200000|  0%| F|  |TAMS 0x0000000786100000, 0x0000000786100000| Untracked 
|  98|0x0000000786200000, 0x0000000786200000, 0x0000000786300000|  0%| F|  |TAMS 0x0000000786200000, 0x0000000786200000| Untracked 
|  99|0x0000000786300000, 0x0000000786300000, 0x0000000786400000|  0%| F|  |TAMS 0x0000000786300000, 0x0000000786300000| Untracked 
| 100|0x0000000786400000, 0x0000000786400000, 0x0000000786500000|  0%| F|  |TAMS 0x0000000786400000, 0x0000000786400000| Untracked 
| 101|0x0000000786500000, 0x0000000786500000, 0x0000000786600000|  0%| F|  |TAMS 0x0000000786500000, 0x0000000786500000| Untracked 
| 102|0x0000000786600000, 0x0000000786600000, 0x0000000786700000|  0%| F|  |TAMS 0x0000000786600000, 0x0000000786600000| Untracked 
| 103|0x0000000786700000, 0x0000000786700000, 0x0000000786800000|  0%| F|  |TAMS 0x0000000786700000, 0x0000000786700000| Untracked 
| 104|0x0000000786800000, 0x0000000786800000, 0x0000000786900000|  0%| F|  |TAMS 0x0000000786800000, 0x0000000786800000| Untracked 
| 105|0x0000000786900000, 0x0000000786900000, 0x0000000786a00000|  0%| F|  |TAMS 0x0000000786900000, 0x0000000786900000| Untracked 
| 106|0x0000000786a00000, 0x0000000786a00000, 0x0000000786b00000|  0%| F|  |TAMS 0x0000000786a00000, 0x0000000786a00000| Untracked 
| 107|0x0000000786b00000, 0x0000000786b00000, 0x0000000786c00000|  0%| F|  |TAMS 0x0000000786b00000, 0x0000000786b00000| Untracked 
| 108|0x0000000786c00000, 0x0000000786c00000, 0x0000000786d00000|  0%| F|  |TAMS 0x0000000786c00000, 0x0000000786c00000| Untracked 
| 109|0x0000000786d00000, 0x0000000786d00000, 0x0000000786e00000|  0%| F|  |TAMS 0x0000000786d00000, 0x0000000786d00000| Untracked 
| 110|0x0000000786e00000, 0x0000000786e00000, 0x0000000786f00000|  0%| F|  |TAMS 0x0000000786e00000, 0x0000000786e00000| Untracked 
| 111|0x0000000786f00000, 0x0000000786f00000, 0x0000000787000000|  0%| F|  |TAMS 0x0000000786f00000, 0x0000000786f00000| Untracked 
| 112|0x0000000787000000, 0x0000000787000000, 0x0000000787100000|  0%| F|  |TAMS 0x0000000787000000, 0x0000000787000000| Untracked 
| 113|0x0000000787100000, 0x0000000787100000, 0x0000000787200000|  0%| F|  |TAMS 0x0000000787100000, 0x0000000787100000| Untracked 
| 114|0x0000000787200000, 0x0000000787200000, 0x0000000787300000|  0%| F|  |TAMS 0x0000000787200000, 0x0000000787200000| Untracked 
| 115|0x0000000787300000, 0x0000000787300000, 0x0000000787400000|  0%| F|  |TAMS 0x0000000787300000, 0x0000000787300000| Untracked 
| 116|0x0000000787400000, 0x0000000787400000, 0x0000000787500000|  0%| F|  |TAMS 0x0000000787400000, 0x0000000787400000| Untracked 
| 117|0x0000000787500000, 0x0000000787500000, 0x0000000787600000|  0%| F|  |TAMS 0x0000000787500000, 0x0000000787500000| Untracked 
| 118|0x0000000787600000, 0x0000000787600000, 0x0000000787700000|  0%| F|  |TAMS 0x0000000787600000, 0x0000000787600000| Untracked 
| 119|0x0000000787700000, 0x0000000787700000, 0x0000000787800000|  0%| F|  |TAMS 0x0000000787700000, 0x0000000787700000| Untracked 
| 120|0x0000000787800000, 0x0000000787800000, 0x0000000787900000|  0%| F|  |TAMS 0x0000000787800000, 0x0000000787800000| Untracked 
| 121|0x0000000787900000, 0x0000000787900000, 0x0000000787a00000|  0%| F|  |TAMS 0x0000000787900000, 0x0000000787900000| Untracked 
| 122|0x0000000787a00000, 0x0000000787a00000, 0x0000000787b00000|  0%| F|  |TAMS 0x0000000787a00000, 0x0000000787a00000| Untracked 
| 123|0x0000000787b00000, 0x0000000787b43170, 0x0000000787c00000| 26%| E|  |TAMS 0x0000000787b00000, 0x0000000787b00000| Complete 
| 124|0x0000000787c00000, 0x0000000787d00000, 0x0000000787d00000|100%| E|CS|TAMS 0x0000000787c00000, 0x0000000787c00000| Complete 
| 125|0x0000000787d00000, 0x0000000787e00000, 0x0000000787e00000|100%| E|CS|TAMS 0x0000000787d00000, 0x0000000787d00000| Complete 
| 126|0x0000000787e00000, 0x0000000787f00000, 0x0000000787f00000|100%| E|CS|TAMS 0x0000000787e00000, 0x0000000787e00000| Complete 
| 127|0x0000000787f00000, 0x0000000788000000, 0x0000000788000000|100%| E|CS|TAMS 0x0000000787f00000, 0x0000000787f00000| Complete 
|1022|0x00000007bfe00000, 0x00000007bfe51000, 0x00000007bff00000| 31%|OA|  |TAMS 0x00000007bfe00000, 0x00000007bfe00000| Untracked 
|1023|0x00000007bff00000, 0x00000007bff7b000, 0x00000007c0000000| 48%|CA|  |TAMS 0x00000007bff00000, 0x00000007bff00000| Untracked 

Card table byte_map: [0x000000010eb13000,0x000000010ef13000] _byte_map_base: 0x000000010af13000

Marking Bits (Prev, Next): (CMBitMap*) 0x00007fad9b847e18, (CMBitMap*) 0x00007fad9b847e58
 Prev Bits: [0x000000010f313000, 0x0000000111313000)
 Next Bits: [0x0000000111313000, 0x0000000113313000)

Polling page: 0x000000010c9a3000

Metaspace:

Usage:
  Non-class:      4.42 MB capacity,     2.47 MB ( 56%) used,     1.95 MB ( 44%) free+waste,     2.88 KB ( <1%) overhead. 
      Class:    443.00 KB capacity,   260.51 KB ( 59%) used,   180.93 KB ( 41%) free+waste,     1.56 KB ( <1%) overhead. 
       Both:      4.86 MB capacity,     2.73 MB ( 56%) used,     2.13 MB ( 44%) free+waste,     4.44 KB ( <1%) overhead. 

Virtual space:
  Non-class space:        8.00 MB reserved,       4.50 MB ( 56%) committed 
      Class space:        1.00 GB reserved,     512.00 KB ( <1%) committed 
             Both:        1.01 GB reserved,       5.00 MB ( <1%) committed 

Chunk freelists:
   Non-Class:  33.00 KB
       Class:  17.00 KB
        Both:  50.00 KB

MaxMetaspaceSize: unlimited
CompressedClassSpaceSize: 1.00 GB

CodeHeap 'non-profiled nmethods': size=120032Kb used=121Kb max_used=121Kb free=119910Kb
 bounds [0x0000000123e53000, 0x00000001240c3000, 0x000000012b38b000]
CodeHeap 'profiled nmethods': size=120028Kb used=538Kb max_used=538Kb free=119489Kb
 bounds [0x000000011c91c000, 0x000000011cb8c000, 0x0000000123e53000]
CodeHeap 'non-nmethods': size=5700Kb used=1199Kb max_used=1214Kb free=4501Kb
 bounds [0x000000011c38b000, 0x000000011c5fb000, 0x000000011c91c000]
 total_blobs=759 nmethods=381 adapters=292
 compilation: enabled
              stopped_count=0, restarted_count=0
 full_count=0

Compilation events (20 events):
Event: 756.057 Thread 0x00007fad9b00f800  372       3       org.eclipse.jdt.launching.internal.org.objectweb.asm.ClassReader::readUnsignedShort (26 bytes)
Event: 756.057 Thread 0x00007fad9b00f800 nmethod 372 0x000000011c99ef10 code [0x000000011c99f0a0, 0x000000011c99f210]
Event: 756.057 Thread 0x00007fad9b00f800  373       3       java.lang.String::hashCode (60 bytes)
Event: 756.058 Thread 0x00007fad9b00f800 nmethod 373 0x000000011c99f310 code [0x000000011c99f4e0, 0x000000011c99f960]
Event: 756.058 Thread 0x00007fad9b00f800  376       3       java.lang.String::isLatin1 (19 bytes)
Event: 756.058 Thread 0x00007fad9b00f800 nmethod 376 0x000000011c99fb10 code [0x000000011c99fca0, 0x000000011c99fe30]
Event: 756.058 Thread 0x00007fad9b00f800  377       3       org.eclipse.jdt.launching.internal.org.objectweb.asm.ClassReader::readUtf (161 bytes)
Event: 756.058 Thread 0x00007fad9b00f800 nmethod 377 0x000000011c99fe90 code [0x000000011c9a0080, 0x000000011c9a0690]
Event: 756.058 Thread 0x00007fad9b00f800  374       3       org.eclipse.jdt.launching.internal.org.objectweb.asm.ClassReader::readUtf (44 bytes)
Event: 756.059 Thread 0x00007fad9b00f800 nmethod 374 0x000000011c9a0a90 code [0x000000011c9a0c60, 0x000000011c9a1140]
Event: 756.059 Thread 0x00007fad9b00f800  375       3       org.eclipse.jdt.launching.internal.org.objectweb.asm.ClassReader::getItem (7 bytes)
Event: 756.059 Thread 0x00007fad9b00f800 nmethod 375 0x000000011c9a1390 code [0x000000011c9a1520, 0x000000011c9a1670]
Event: 756.059 Thread 0x00007fad9b00f800  378       3       org.eclipse.jdt.launching.internal.org.objectweb.asm.Symbol::<init> (38 bytes)
Event: 756.059 Thread 0x00007fad9b00f800 nmethod 378 0x000000011c9a1790 code [0x000000011c9a1920, 0x000000011c9a1bd0]
Event: 756.059 Thread 0x00007fad9b00f800  379       3       org.eclipse.jdt.launching.internal.org.objectweb.asm.SymbolTable::add (39 bytes)
Event: 756.059 Thread 0x00007fad9b00f800 nmethod 379 0x000000011c9a1c90 code [0x000000011c9a1e40, 0x000000011c9a21d0]
Event: 756.059 Thread 0x00007fad9b00f800  380       3       org.eclipse.jdt.launching.internal.org.objectweb.asm.SymbolTable::hash (10 bytes)
Event: 756.059 Thread 0x00007fad9b00f800 nmethod 380 0x000000011c9a2310 code [0x000000011c9a24a0, 0x000000011c9a25c0]
Event: 756.059 Thread 0x00007fad9b00f800  381       3       org.eclipse.jdt.launching.internal.org.objectweb.asm.SymbolTable$Entry::<init> (17 bytes)
Event: 756.059 Thread 0x00007fad9b00f800 nmethod 381 0x000000011c9a2690 code [0x000000011c9a2820, 0x000000011c9a29c0]

GC Heap History (0 events):
No events

Deoptimization events (20 events):
Event: 1.487 Thread 0x00007fad9b81f800 DEOPT PACKING pc=0x000000011c986056 sp=0x000000010e086900
Event: 1.487 Thread 0x00007fad9b81f800 DEOPT UNPACKING pc=0x000000011c3d433a sp=0x000000010e085de8 mode 0
Event: 1.488 Thread 0x00007fad9b81f800 DEOPT PACKING pc=0x000000011c986056 sp=0x000000010e086900
Event: 1.488 Thread 0x00007fad9b81f800 DEOPT UNPACKING pc=0x000000011c3d433a sp=0x000000010e085de8 mode 0
Event: 1.488 Thread 0x00007fad9b81f800 DEOPT PACKING pc=0x000000011c986056 sp=0x000000010e086900
Event: 1.488 Thread 0x00007fad9b81f800 DEOPT UNPACKING pc=0x000000011c3d433a sp=0x000000010e085de8 mode 0
Event: 1.512 Thread 0x00007fad9b81f800 DEOPT PACKING pc=0x000000011c986056 sp=0x000000010e085250
Event: 1.512 Thread 0x00007fad9b81f800 DEOPT UNPACKING pc=0x000000011c3d433a sp=0x000000010e084738 mode 0
Event: 1.513 Thread 0x00007fad9b81f800 DEOPT PACKING pc=0x000000011c98628b sp=0x000000010e085250
Event: 1.513 Thread 0x00007fad9b81f800 DEOPT UNPACKING pc=0x000000011c3d433a sp=0x000000010e084738 mode 0
Event: 1.514 Thread 0x00007fad9b81f800 DEOPT PACKING pc=0x000000011c98628b sp=0x000000010e085250
Event: 1.514 Thread 0x00007fad9b81f800 DEOPT UNPACKING pc=0x000000011c3d433a sp=0x000000010e084738 mode 0
Event: 756.057 Thread 0x00007fad9c856800 Uncommon trap: trap_request=0xffffff45 fr.pc=0x0000000123e5b634 relative=0x0000000000000274
Event: 756.057 Thread 0x00007fad9c856800 Uncommon trap: reason=unstable_if action=reinterpret pc=0x0000000123e5b634 method=java.lang.String.hashCode()I @ 42 c2
Event: 756.057 Thread 0x00007fad9c856800 DEOPT PACKING pc=0x0000000123e5b634 sp=0x000070001081f680
Event: 756.057 Thread 0x00007fad9c856800 DEOPT UNPACKING pc=0x000000011c3d3e25 sp=0x000070001081f638 mode 2
Event: 756.057 Thread 0x00007fad9c856800 Uncommon trap: trap_request=0xffffff45 fr.pc=0x0000000123e6a56c relative=0x000000000000006c
Event: 756.057 Thread 0x00007fad9c856800 Uncommon trap: reason=unstable_if action=reinterpret pc=0x0000000123e6a56c method=java.lang.String.isLatin1()Z @ 10 c2
Event: 756.057 Thread 0x00007fad9c856800 DEOPT PACKING pc=0x0000000123e6a56c sp=0x000070001081f620
Event: 756.057 Thread 0x00007fad9c856800 DEOPT UNPACKING pc=0x000000011c3d3e25 sp=0x000070001081f5e0 mode 2

Classes unloaded (0 events):
No events

Classes redefined (2 events):
Event: 418.443 Thread 0x00007fad9b003800 redefined class name=ThatsYourStory, count=1
Event: 756.072 Thread 0x00007fad9b003800 redefined class name=ThatsYourStory, count=2

Internal exceptions (0 events):
No events

Events (20 events):
Event: 418.444 Executing VM operation: RedefineClasses done
Event: 418.449 Executing VM operation: ChangeBreakpoints
Event: 418.449 Executing VM operation: ChangeBreakpoints done
Event: 418.451 Executing VM operation: GetFrameCount
Event: 418.451 Executing VM operation: GetFrameCount done
Event: 418.451 Executing VM operation: GetStackTrace
Event: 418.451 Executing VM operation: GetStackTrace done
Event: 418.462 Executing VM operation: GetFrameCount
Event: 418.462 Executing VM operation: GetFrameCount done
Event: 418.462 Executing VM operation: GetOwnedMonitorInfo
Event: 418.462 Executing VM operation: GetOwnedMonitorInfo done
Event: 418.462 Executing VM operation: GetCurrentContendedMonitor
Event: 418.462 Executing VM operation: GetCurrentContendedMonitor done
Event: 756.071 Executing VM operation: RedefineClasses
Event: 756.073 Executing VM operation: RedefineClasses done
Event: 756.077 Executing VM operation: ChangeBreakpoints
Event: 756.077 Executing VM operation: ChangeBreakpoints done
Event: 756.081 Executing VM operation: ChangeBreakpoints
Event: 756.081 Executing VM operation: ChangeBreakpoints done
Event: 756.085 Executing VM operation: ChangeBreakpoints


Dynamic libraries:
0x00007fff664a1000 	/usr/lib/libz.1.dylib
0x000000010c967000 	/Library/Java/JavaVirtualMachines/jdk-14.0.2.jdk/Contents/Home/lib/libjli.dylib
0x00007fff3df27000 	/System/Library/Frameworks/Cocoa.framework/Versions/A/Cocoa
0x00007fff4a560000 	/System/Library/Frameworks/Security.framework/Versions/A/Security
0x00007fff3cb65000 	/System/Library/Frameworks/ApplicationServices.framework/Versions/A/ApplicationServices
0x00007fff643ce000 	/usr/lib/libSystem.B.dylib
0x00007fff6654f000 	/usr/lib/system/libcache.dylib
0x00007fff66554000 	/usr/lib/system/libcommonCrypto.dylib
0x00007fff6655f000 	/usr/lib/system/libcompiler_rt.dylib
0x00007fff66567000 	/usr/lib/system/libcopyfile.dylib
0x00007fff66571000 	/usr/lib/system/libcorecrypto.dylib
0x00007fff6667e000 	/usr/lib/system/libdispatch.dylib
0x00007fff666b8000 	/usr/lib/system/libdyld.dylib
0x00007fff666d6000 	/usr/lib/system/libkeymgr.dylib
0x00007fff666e4000 	/usr/lib/system/liblaunch.dylib
0x00007fff666e5000 	/usr/lib/system/libmacho.dylib
0x00007fff666ea000 	/usr/lib/system/libquarantine.dylib
0x00007fff666ed000 	/usr/lib/system/libremovefile.dylib
0x00007fff666ef000 	/usr/lib/system/libsystem_asl.dylib
0x00007fff66707000 	/usr/lib/system/libsystem_blocks.dylib
0x00007fff66708000 	/usr/lib/system/libsystem_c.dylib
0x00007fff66792000 	/usr/lib/system/libsystem_configuration.dylib
0x00007fff66796000 	/usr/lib/system/libsystem_coreservices.dylib
0x00007fff6679a000 	/usr/lib/system/libsystem_darwin.dylib
0x00007fff6679c000 	/usr/lib/system/libsystem_dnssd.dylib
0x00007fff667a3000 	/usr/lib/system/libsystem_info.dylib
0x00007fff66814000 	/usr/lib/system/libsystem_m.dylib
0x00007fff66860000 	/usr/lib/system/libsystem_malloc.dylib
0x00007fff66880000 	/usr/lib/system/libsystem_network.dylib
0x00007fff669b1000 	/usr/lib/system/libsystem_networkextension.dylib
0x00007fff669bc000 	/usr/lib/system/libsystem_notify.dylib
0x00007fff669da000 	/usr/lib/system/libsystem_sandbox.dylib
0x00007fff669de000 	/usr/lib/system/libsystem_secinit.dylib
0x00007fff667ed000 	/usr/lib/system/libsystem_kernel.dylib
0x00007fff669c6000 	/usr/lib/system/libsystem_platform.dylib
0x00007fff669ce000 	/usr/lib/system/libsystem_pthread.dylib
0x00007fff669e0000 	/usr/lib/system/libsystem_symptoms.dylib
0x00007fff669e8000 	/usr/lib/system/libsystem_trace.dylib
0x00007fff669fe000 	/usr/lib/system/libunwind.dylib
0x00007fff66a04000 	/usr/lib/system/libxpc.dylib
0x00007fff63e94000 	/usr/lib/closure/libclosured.dylib
0x00007fff65a87000 	/usr/lib/libobjc.A.dylib
0x00007fff6465b000 	/usr/lib/libc++abi.dylib
0x00007fff64604000 	/usr/lib/libc++.1.dylib
0x00007fff3e6da000 	/System/Library/Frameworks/CoreFoundation.framework/Versions/A/CoreFoundation
0x00007fff4083e000 	/System/Library/Frameworks/Foundation.framework/Versions/C/Foundation
0x00007fff3bcb5000 	/System/Library/Frameworks/AppKit.framework/Versions/C/AppKit
0x00007fff3e29f000 	/System/Library/Frameworks/CoreData.framework/Versions/A/CoreData
0x00007fff5dc81000 	/System/Library/PrivateFrameworks/RemoteViewServices.framework/Versions/A/RemoteViewServices
0x00007fff623ff000 	/System/Library/PrivateFrameworks/UIFoundation.framework/Versions/A/UIFoundation
0x00007fff52a79000 	/System/Library/PrivateFrameworks/DFRFoundation.framework/Versions/A/DFRFoundation
0x00007fff42ebf000 	/System/Library/Frameworks/Metal.framework/Versions/A/Metal
0x00007fff52c16000 	/System/Library/PrivateFrameworks/DesktopServicesPriv.framework/Versions/A/DesktopServicesPriv
0x00007fff64fd4000 	/usr/lib/libenergytrace.dylib
0x00007fff60469000 	/System/Library/PrivateFrameworks/SkyLight.framework/Versions/A/SkyLight
0x00007fff3eb7f000 	/System/Library/Frameworks/CoreGraphics.framework/Versions/A/CoreGraphics
0x00007fff643c9000 	/usr/lib/libScreenReader.dylib
0x00007fff3ac4f000 	/System/Library/Frameworks/Accelerate.framework/Versions/A/Accelerate
0x00007fff40fb9000 	/System/Library/Frameworks/IOSurface.framework/Versions/A/IOSurface
0x00007fff3d0b0000 	/System/Library/Frameworks/AudioToolbox.framework/Versions/A/AudioToolbox
0x00007fff3d340000 	/System/Library/Frameworks/AudioUnit.framework/Versions/A/AudioUnit
0x00007fff52b11000 	/System/Library/PrivateFrameworks/DataDetectorsCore.framework/Versions/A/DataDetectorsCore
0x00007fff3da1a000 	/System/Library/Frameworks/Carbon.framework/Versions/A/Frameworks/HIToolbox.framework/Versions/A/HIToolbox
0x00007fff6512e000 	/usr/lib/libicucore.A.dylib
0x00007fff49adc000 	/System/Library/Frameworks/QuartzCore.framework/Versions/A/QuartzCore
0x00007fff5f70a000 	/System/Library/PrivateFrameworks/SignpostNotification.framework/Versions/A/SignpostNotification
0x00007fff3de00000 	/System/Library/Frameworks/Carbon.framework/Versions/A/Frameworks/SpeechRecognition.framework/Versions/A/SpeechRecognition
0x00007fff6452a000 	/usr/lib/libauto.dylib
0x00007fff66390000 	/usr/lib/libxml2.2.dylib
0x00007fff526c9000 	/System/Library/PrivateFrameworks/CoreUI.framework/Versions/A/CoreUI
0x00007fff3e17b000 	/System/Library/Frameworks/CoreAudio.framework/Versions/A/CoreAudio
0x00007fff40678000 	/System/Library/Frameworks/DiskArbitration.framework/Versions/A/DiskArbitration
0x00007fff653a2000 	/usr/lib/liblangid.dylib
0x00007fff5a185000 	/System/Library/PrivateFrameworks/MultitouchSupport.framework/Versions/A/MultitouchSupport
0x00007fff40f1c000 	/System/Library/Frameworks/IOKit.framework/Versions/A/IOKit
0x00007fff64058000 	/usr/lib/libDiagnosticMessagesClient.dylib
0x00007fff3f855000 	/System/Library/Frameworks/CoreServices.framework/Versions/A/CoreServices
0x00007fff5bcbd000 	/System/Library/PrivateFrameworks/PerformanceAnalysis.framework/Versions/A/PerformanceAnalysis
0x00007fff48c79000 	/System/Library/Frameworks/OpenGL.framework/Versions/A/OpenGL
0x00007fff3df35000 	/System/Library/Frameworks/ColorSync.framework/Versions/A/ColorSync
0x00007fff3f191000 	/System/Library/Frameworks/CoreImage.framework/Versions/A/CoreImage
0x00007fff401e6000 	/System/Library/Frameworks/CoreText.framework/Versions/A/CoreText
0x00007fff41017000 	/System/Library/Frameworks/ImageIO.framework/Versions/A/ImageIO
0x00007fff4f373000 	/System/Library/PrivateFrameworks/Backup.framework/Versions/A/Backup
0x00007fff6447a000 	/usr/lib/libarchive.2.dylib
0x00007fff3d663000 	/System/Library/Frameworks/CFNetwork.framework/Versions/A/CFNetwork
0x00007fff4acf3000 	/System/Library/Frameworks/SystemConfiguration.framework/Versions/A/SystemConfiguration
0x00007fff63f81000 	/usr/lib/libCRFSuite.dylib
0x00007fff645e5000 	/usr/lib/libbsm.0.dylib
0x00007fff666d7000 	/usr/lib/system/libkxld.dylib
0x00007fff64292000 	/usr/lib/libOpenScriptingUtil.dylib
0x00007fff64954000 	/usr/lib/libcoretls.dylib
0x00007fff6496d000 	/usr/lib/libcoretls_cfhelpers.dylib
0x00007fff65e88000 	/usr/lib/libpam.2.dylib
0x00007fff65fb3000 	/usr/lib/libsqlite3.dylib
0x00007fff6637f000 	/usr/lib/libxar.1.dylib
0x00007fff645f6000 	/usr/lib/libbz2.1.0.dylib
0x00007fff653a4000 	/usr/lib/liblzma.5.dylib
0x00007fff65885000 	/usr/lib/libnetwork.dylib
0x00007fff64463000 	/usr/lib/libapple_nghttp2.dylib
0x00007fff65e8f000 	/usr/lib/libpcap.A.dylib
0x00007fff6452b000 	/usr/lib/libboringssl.dylib
0x00007fff6631a000 	/usr/lib/libusrtcp.dylib
0x00007fff64462000 	/usr/lib/libapple_crypto.dylib
0x00007fff3fbd8000 	/System/Library/Frameworks/CoreServices.framework/Versions/A/Frameworks/FSEvents.framework/Versions/A/FSEvents
0x00007fff3f8cb000 	/System/Library/Frameworks/CoreServices.framework/Versions/A/Frameworks/CarbonCore.framework/Versions/A/CarbonCore
0x00007fff3fda0000 	/System/Library/Frameworks/CoreServices.framework/Versions/A/Frameworks/Metadata.framework/Versions/A/Metadata
0x00007fff3fe51000 	/System/Library/Frameworks/CoreServices.framework/Versions/A/Frameworks/OSServices.framework/Versions/A/OSServices
0x00007fff3feb2000 	/System/Library/Frameworks/CoreServices.framework/Versions/A/Frameworks/SearchKit.framework/Versions/A/SearchKit
0x00007fff3f856000 	/System/Library/Frameworks/CoreServices.framework/Versions/A/Frameworks/AE.framework/Versions/A/AE
0x00007fff3fbe1000 	/System/Library/Frameworks/CoreServices.framework/Versions/A/Frameworks/LaunchServices.framework/Versions/A/LaunchServices
0x00007fff3fba3000 	/System/Library/Frameworks/CoreServices.framework/Versions/A/Frameworks/DictionaryServices.framework/Versions/A/DictionaryServices
0x00007fff3ff21000 	/System/Library/Frameworks/CoreServices.framework/Versions/A/Frameworks/SharedFileList.framework/Versions/A/SharedFileList
0x00007fff440f5000 	/System/Library/Frameworks/NetFS.framework/Versions/A/NetFS
0x00007fff5a416000 	/System/Library/PrivateFrameworks/NetAuth.framework/Versions/A/NetAuth
0x00007fff63d2b000 	/System/Library/PrivateFrameworks/login.framework/Versions/A/Frameworks/loginsupport.framework/Versions/A/loginsupport
0x00007fff6207c000 	/System/Library/PrivateFrameworks/TCC.framework/Versions/A/TCC
0x00007fff65485000 	/usr/lib/libmecabra.dylib
0x00007fff3cb66000 	/System/Library/Frameworks/ApplicationServices.framework/Versions/A/Frameworks/ATS.framework/Versions/A/ATS
0x00007fff3cf15000 	/System/Library/Frameworks/ApplicationServices.framework/Versions/A/Frameworks/ColorSyncLegacy.framework/Versions/A/ColorSyncLegacy
0x00007fff3cfb9000 	/System/Library/Frameworks/ApplicationServices.framework/Versions/A/Frameworks/HIServices.framework/Versions/A/HIServices
0x00007fff3d00c000 	/System/Library/Frameworks/ApplicationServices.framework/Versions/A/Frameworks/LangAnalysis.framework/Versions/A/LangAnalysis
0x00007fff3d01b000 	/System/Library/Frameworks/ApplicationServices.framework/Versions/A/Frameworks/PrintCore.framework/Versions/A/PrintCore
0x00007fff3d068000 	/System/Library/Frameworks/ApplicationServices.framework/Versions/A/Frameworks/QD.framework/Versions/A/QD
0x00007fff3d0a3000 	/System/Library/Frameworks/ApplicationServices.framework/Versions/A/Frameworks/SpeechSynthesis.framework/Versions/A/SpeechSynthesis
0x00007fff3e5f6000 	/System/Library/Frameworks/CoreDisplay.framework/Versions/A/CoreDisplay
0x00007fff3ac67000 	/System/Library/Frameworks/Accelerate.framework/Versions/A/Frameworks/vImage.framework/Versions/A/vImage
0x00007fff3b9c1000 	/System/Library/Frameworks/Accelerate.framework/Versions/A/Frameworks/vecLib.framework/Versions/A/vecLib
0x00007fff3b761000 	/System/Library/Frameworks/Accelerate.framework/Versions/A/Frameworks/vecLib.framework/Versions/A/libvDSP.dylib
0x00007fff3b2c1000 	/System/Library/Frameworks/Accelerate.framework/Versions/A/Frameworks/vecLib.framework/Versions/A/libBNNS.dylib
0x00007fff3b6c6000 	/System/Library/Frameworks/Accelerate.framework/Versions/A/Frameworks/vecLib.framework/Versions/A/libQuadrature.dylib
0x00007fff3b90f000 	/System/Library/Frameworks/Accelerate.framework/Versions/A/Frameworks/vecLib.framework/Versions/A/libvMisc.dylib
0x00007fff3b2f0000 	/System/Library/Frameworks/Accelerate.framework/Versions/A/Frameworks/vecLib.framework/Versions/A/libLAPACK.dylib
0x00007fff3b166000 	/System/Library/Frameworks/Accelerate.framework/Versions/A/Frameworks/vecLib.framework/Versions/A/libBLAS.dylib
0x00007fff3b6b0000 	/System/Library/Frameworks/Accelerate.framework/Versions/A/Frameworks/vecLib.framework/Versions/A/libLinearAlgebra.dylib
0x00007fff3b6cc000 	/System/Library/Frameworks/Accelerate.framework/Versions/A/Frameworks/vecLib.framework/Versions/A/libSparse.dylib
0x00007fff3b74d000 	/System/Library/Frameworks/Accelerate.framework/Versions/A/Frameworks/vecLib.framework/Versions/A/libSparseBLAS.dylib
0x00007fff57250000 	/System/Library/PrivateFrameworks/GPUWrangler.framework/Versions/A/GPUWrangler
0x00007fff589e4000 	/System/Library/PrivateFrameworks/IOAccelerator.framework/Versions/A/IOAccelerator
0x00007fff589ef000 	/System/Library/PrivateFrameworks/IOPresentment.framework/Versions/A/IOPresentment
0x00007fff52a8b000 	/System/Library/PrivateFrameworks/DSExternalDisplay.framework/Versions/A/DSExternalDisplay
0x00007fff480f8000 	/System/Library/Frameworks/OpenGL.framework/Versions/A/Libraries/libCoreFSCache.dylib
0x00007fff40337000 	/System/Library/Frameworks/CoreVideo.framework/Versions/A/CoreVideo
0x00007fff57fcb000 	/System/Library/PrivateFrameworks/GraphVisualizer.framework/Versions/A/GraphVisualizer
0x00007fff430f6000 	/System/Library/Frameworks/MetalPerformanceShaders.framework/Versions/A/MetalPerformanceShaders
0x00007fff64090000 	/usr/lib/libFosl_dynamic.dylib
0x00007fff53b5a000 	/System/Library/PrivateFrameworks/FaceCore.framework/Versions/A/FaceCore
0x00007fff46ef3000 	/System/Library/Frameworks/OpenCL.framework/Versions/A/OpenCL
0x00007fff64692000 	/usr/lib/libcompression.dylib
0x00007fff3cc65000 	/System/Library/Frameworks/ApplicationServices.framework/Versions/A/Frameworks/ATS.framework/Versions/A/Resources/libFontParser.dylib
0x00007fff3cd88000 	/System/Library/Frameworks/ApplicationServices.framework/Versions/A/Frameworks/ATS.framework/Versions/A/Resources/libFontRegistry.dylib
0x00007fff41280000 	/System/Library/Frameworks/ImageIO.framework/Versions/A/Resources/libJPEG.dylib
0x00007fff415bc000 	/System/Library/Frameworks/ImageIO.framework/Versions/A/Resources/libTIFF.dylib
0x00007fff41592000 	/System/Library/Frameworks/ImageIO.framework/Versions/A/Resources/libPng.dylib
0x00007fff41193000 	/System/Library/Frameworks/ImageIO.framework/Versions/A/Resources/libGIF.dylib
0x00007fff41198000 	/System/Library/Frameworks/ImageIO.framework/Versions/A/Resources/libJP2.dylib
0x00007fff415b9000 	/System/Library/Frameworks/ImageIO.framework/Versions/A/Resources/libRadiance.dylib
0x00007fff4ea9d000 	/System/Library/PrivateFrameworks/AppleJPEG.framework/Versions/A/AppleJPEG
0x00007fff42f5d000 	/System/Library/Frameworks/MetalPerformanceShaders.framework/Frameworks/MPSCore.framework/Versions/A/MPSCore
0x00007fff42f79000 	/System/Library/Frameworks/MetalPerformanceShaders.framework/Frameworks/MPSImage.framework/Versions/A/MPSImage
0x00007fff4300e000 	/System/Library/Frameworks/MetalPerformanceShaders.framework/Frameworks/MPSNeuralNetwork.framework/Versions/A/MPSNeuralNetwork
0x00007fff42fe9000 	/System/Library/Frameworks/MetalPerformanceShaders.framework/Frameworks/MPSMatrix.framework/Versions/A/MPSMatrix
0x00007fff59ee7000 	/System/Library/PrivateFrameworks/MetalTools.framework/Versions/A/MetalTools
0x00007fff482c3000 	/System/Library/Frameworks/OpenGL.framework/Versions/A/Libraries/libGLU.dylib
0x00007fff48103000 	/System/Library/Frameworks/OpenGL.framework/Versions/A/Libraries/libGFXShared.dylib
0x00007fff4810d000 	/System/Library/Frameworks/OpenGL.framework/Versions/A/Libraries/libGL.dylib
0x00007fff48119000 	/System/Library/Frameworks/OpenGL.framework/Versions/A/Libraries/libGLImage.dylib
0x00007fff480f5000 	/System/Library/Frameworks/OpenGL.framework/Versions/A/Libraries/libCVMSPluginSupport.dylib
0x00007fff480fe000 	/System/Library/Frameworks/OpenGL.framework/Versions/A/Libraries/libCoreVMClient.dylib
0x00007fff64e3f000 	/usr/lib/libcups.2.dylib
0x00007fff424c4000 	/System/Library/Frameworks/Kerberos.framework/Versions/A/Kerberos
0x00007fff40c76000 	/System/Library/Frameworks/GSS.framework/Versions/A/GSS
0x00007fff65f46000 	/usr/lib/libresolv.9.dylib
0x00007fff6503c000 	/usr/lib/libiconv.2.dylib
0x00007fff5805d000 	/System/Library/PrivateFrameworks/Heimdal.framework/Versions/A/Heimdal
0x00007fff6500b000 	/usr/lib/libheimdal-asn1.dylib
0x00007fff46f6b000 	/System/Library/Frameworks/OpenDirectory.framework/Versions/A/OpenDirectory
0x00007fff50db6000 	/System/Library/PrivateFrameworks/CommonAuth.framework/Versions/A/CommonAuth
0x00007fff46f4e000 	/System/Library/Frameworks/OpenDirectory.framework/Versions/A/Frameworks/CFOpenDirectory.framework/Versions/A/CFOpenDirectory
0x00007fff4a88c000 	/System/Library/Frameworks/SecurityFoundation.framework/Versions/A/SecurityFoundation
0x00007fff4dc60000 	/System/Library/PrivateFrameworks/APFS.framework/Versions/A/APFS
0x00007fff6637b000 	/usr/lib/libutil.dylib
0x00007fff4eb20000 	/System/Library/PrivateFrameworks/AppleSauce.framework/Versions/A/AppleSauce
0x00007fff591cc000 	/System/Library/PrivateFrameworks/LinguisticData.framework/Versions/A/LinguisticData
0x00007fff653be000 	/usr/lib/libmarisa.dylib
0x00007fff59186000 	/System/Library/PrivateFrameworks/Lexicon.framework/Versions/A/Lexicon
0x00007fff63fbb000 	/usr/lib/libChineseTokenizer.dylib
0x00007fff64681000 	/usr/lib/libcmph.dylib
0x00007fff59090000 	/System/Library/PrivateFrameworks/LanguageModeling.framework/Versions/A/LanguageModeling
0x00007fff518d3000 	/System/Library/PrivateFrameworks/CoreEmoji.framework/Versions/A/CoreEmoji
0x00007fff4a94a000 	/System/Library/Frameworks/ServiceManagement.framework/Versions/A/ServiceManagement
0x00007fff4f36b000 	/System/Library/PrivateFrameworks/BackgroundTaskManagement.framework/Versions/A/BackgroundTaskManagement
0x00007fff66478000 	/usr/lib/libxslt.1.dylib
0x00007fff3dd2a000 	/System/Library/Frameworks/Carbon.framework/Versions/A/Frameworks/Ink.framework/Versions/A/Ink
0x00007fff62291000 	/System/Library/PrivateFrameworks/TextureIO.framework/Versions/A/TextureIO
0x00007fff644a5000 	/usr/lib/libate.dylib
0x00007fff529ea000 	/System/Library/PrivateFrameworks/CrashReporterSupport.framework/Versions/A/CrashReporterSupport
0x00007fff5f5ca000 	/System/Library/PrivateFrameworks/Sharing.framework/Versions/A/Sharing
0x00007fff58dd1000 	/System/Library/PrivateFrameworks/IconServices.framework/Versions/A/IconServices
0x00007fff4ef9b000 	/System/Library/PrivateFrameworks/AuthKit.framework/Versions/A/AuthKit
0x00007fff4e920000 	/System/Library/PrivateFrameworks/Apple80211.framework/Versions/A/Apple80211
0x00007fff527ff000 	/System/Library/PrivateFrameworks/CoreUtils.framework/Versions/A/CoreUtils
0x00007fff40372000 	/System/Library/Frameworks/CoreWLAN.framework/Versions/A/CoreWLAN
0x00007fff40db8000 	/System/Library/Frameworks/IOBluetooth.framework/Versions/A/IOBluetooth
0x00007fff5da8c000 	/System/Library/PrivateFrameworks/ProtocolBuffer.framework/Versions/A/ProtocolBuffer
0x00007fff5a0e0000 	/System/Library/PrivateFrameworks/MobileKeyBag.framework/Versions/A/MobileKeyBag
0x00007fff52077000 	/System/Library/PrivateFrameworks/CorePhoneNumbers.framework/Versions/A/CorePhoneNumbers
0x00007fff4ea58000 	/System/Library/PrivateFrameworks/AppleIDAuthSupport.framework/Versions/A/AppleIDAuthSupport
0x00007fff5907c000 	/System/Library/PrivateFrameworks/KeychainCircle.framework/Versions/A/KeychainCircle
0x00007fff52985000 	/System/Library/PrivateFrameworks/CoreWiFi.framework/Versions/A/CoreWiFi
0x00007fff3e275000 	/System/Library/Frameworks/CoreBluetooth.framework/Versions/A/CoreBluetooth
0x00007fff52bd5000 	/System/Library/PrivateFrameworks/DebugSymbols.framework/Versions/A/DebugSymbols
0x00007fff525b5000 	/System/Library/PrivateFrameworks/CoreSymbolication.framework/Versions/A/CoreSymbolication
0x00007fff61a82000 	/System/Library/PrivateFrameworks/Symbolication.framework/Versions/A/Symbolication
0x00007fff4e94a000 	/System/Library/PrivateFrameworks/AppleFSCompression.framework/Versions/A/AppleFSCompression
0x00007fff60ecf000 	/System/Library/PrivateFrameworks/SpeechRecognitionCore.framework/Versions/A/SpeechRecognitionCore
0x000000010d200000 	/Library/Java/JavaVirtualMachines/jdk-14.0.2.jdk/Contents/Home/lib/server/libjvm.dylib
0x000000010c998000 	/Library/Java/JavaVirtualMachines/jdk-14.0.2.jdk/Contents/Home/lib/libjimage.dylib
0x000000010c9a5000 	/Library/Java/JavaVirtualMachines/jdk-14.0.2.jdk/Contents/Home/lib/libjdwp.dylib
0x000000010e08c000 	/Library/Java/JavaVirtualMachines/jdk-14.0.2.jdk/Contents/Home/lib/./libjava.dylib
0x000000010c9e1000 	/Library/Java/JavaVirtualMachines/jdk-14.0.2.jdk/Contents/Home/lib/libinstrument.dylib
0x000000010e125000 	/Library/Java/JavaVirtualMachines/jdk-14.0.2.jdk/Contents/Home/lib/libzip.dylib
0x0000000113935000 	/Library/Java/JavaVirtualMachines/jdk-14.0.2.jdk/Contents/Home/lib/libdt_socket.dylib
0x000000011393f000 	/Library/Java/JavaVirtualMachines/jdk-14.0.2.jdk/Contents/Home/lib/libnio.dylib
0x0000000113952000 	/Library/Java/JavaVirtualMachines/jdk-14.0.2.jdk/Contents/Home/lib/./libnet.dylib
0x0000000113b2f000 	/Library/Java/JavaVirtualMachines/jdk-14.0.2.jdk/Contents/Home/lib/libverify.dylib


VM Arguments:
jvm_args: -agentlib:jdwp=transport=dt_socket,suspend=y,address=localhost:49744 -javaagent:/Users/hedwig/Documents/Eclipse.app/Contents/Eclipse/configuration/org.eclipse.osgi/214/0/.cp/lib/javaagent-shaded.jar -Dfile.encoding=UTF-8 
java_command: ThatsYourStory
java_class_path (initial): /Users/hedwig/Documents/Assignment1/bin:/Users/hedwig/Documents/Assignment1/lib/GTerm.jar
Launcher Type: SUN_STANDARD

[Global flags]
     intx CICompilerCount                          = 3                                         {product} {ergonomic}
     uint ConcGCThreads                            = 1                                         {product} {ergonomic}
     uint G1ConcRefinementThreads                  = 4                                         {product} {ergonomic}
   size_t G1HeapRegionSize                         = 1048576                                   {product} {ergonomic}
    uintx GCDrainStackTargetSize                   = 64                                        {product} {ergonomic}
   size_t InitialHeapSize                          = 134217728                                 {product} {ergonomic}
   size_t MarkStackSize                            = 4194304                                   {product} {ergonomic}
   size_t MaxHeapSize                              = 2147483648                                {product} {ergonomic}
   size_t MaxNewSize                               = 1287651328                                {product} {ergonomic}
   size_t MinHeapDeltaBytes                        = 1048576                                   {product} {ergonomic}
   size_t MinHeapSize                              = 8388608                                   {product} {ergonomic}
    uintx NonNMethodCodeHeapSize                   = 5832780                                {pd product} {ergonomic}
    uintx NonProfiledCodeHeapSize                  = 122912730                              {pd product} {ergonomic}
    uintx ProfiledCodeHeapSize                     = 122912730                              {pd product} {ergonomic}
    uintx ReservedCodeCacheSize                    = 251658240                              {pd product} {ergonomic}
     bool SegmentedCodeCache                       = true                                      {product} {ergonomic}
   size_t SoftMaxHeapSize                          = 2147483648                             {manageable} {ergonomic}
     bool UseCompressedClassPointers               = true                                 {lp64_product} {ergonomic}
     bool UseCompressedOops                        = true                                 {lp64_product} {ergonomic}
     bool UseG1GC                                  = true                                      {product} {ergonomic}

Logging:
Log output configuration:
 #0: stdout all=warning uptime,level,tags
 #1: stderr all=off uptime,level,tags

Environment Variables:
PATH=/usr/bin:/bin:/usr/sbin:/sbin
SHELL=/bin/bash

Signal Handlers:
SIGSEGV: [libjvm.dylib+0x7415b8], sa_mask[0]=11111111011111110111111111111111, sa_flags=SA_ONSTACK|SA_RESTART|SA_SIGINFO
SIGBUS: [libjvm.dylib+0x7415b8], sa_mask[0]=11111111011111110111111111111111, sa_flags=SA_RESTART|SA_SIGINFO
SIGFPE: [libjvm.dylib+0x7415b8], sa_mask[0]=11111111011111110111111111111111, sa_flags=SA_RESTART|SA_SIGINFO
SIGPIPE: [libjvm.dylib+0x5eb4b1], sa_mask[0]=11111111011111110111111111111111, sa_flags=SA_RESTART|SA_SIGINFO
SIGXFSZ: [libjvm.dylib+0x5eb4b1], sa_mask[0]=11111111011111110111111111111111, sa_flags=SA_RESTART|SA_SIGINFO
SIGILL: [libjvm.dylib+0x7415b8], sa_mask[0]=11111111011111110111111111111111, sa_flags=SA_RESTART|SA_SIGINFO
SIGUSR2: [libjvm.dylib+0x5eba83], sa_mask[0]=00100000000000000000000000000000, sa_flags=SA_RESTART|SA_SIGINFO
SIGHUP: [libjvm.dylib+0x5eaae5], sa_mask[0]=11111111011111110111111111111111, sa_flags=SA_RESTART|SA_SIGINFO
SIGINT: [libjvm.dylib+0x5eaae5], sa_mask[0]=11111111011111110111111111111111, sa_flags=SA_RESTART|SA_SIGINFO
SIGTERM: [libjvm.dylib+0x5eaae5], sa_mask[0]=11111111011111110111111111111111, sa_flags=SA_RESTART|SA_SIGINFO
SIGQUIT: [libjvm.dylib+0x5eaae5], sa_mask[0]=11111111011111110111111111111111, sa_flags=SA_RESTART|SA_SIGINFO


---------------  S Y S T E M  ---------------

OS:uname:Darwin 17.7.0 Darwin Kernel Version 17.7.0: Thu Jun 18 21:21:34 PDT 2020; root:xnu-4570.71.82.5~1/RELEASE_X86_64 x86_64
OS uptime: 0 days 1:02 hours
rlimit: STACK 8192k, CORE 0k, NPROC 709, NOFILE 10240, AS infinity, DATA infinity, FSIZE infinity
load average:2.29 2.05 1.90

CPU:total 4 (initial active 4) (4 cores per cpu, 1 threads per core) family 6 model 158 stepping 9, cmov, cx8, fxsr, mmx, sse, sse2, sse3, ssse3, sse4.1, sse4.2, popcnt, avx, avx2, aes, clmul, erms, 3dnowpref, lzcnt, tsc, tscinvbit, bmi1, bmi2, adx, fma

Memory: 4k page, physical 8388608k(41232k free), swap 0k(0k free)

vm_info: Java HotSpot(TM) 64-Bit Server VM (14.0.2+12-46) for bsd-amd64 JRE (14.0.2+12-46), built on Jul  8 2020 23:32:31 by "mach5one" with clang 4.2.1 Compatible Apple LLVM 10.0.0 (clang-1000.11.45.5)

END.
